0001_0009_0009_0065_0065.jpg 1 9 9 65 65
0002_0008_0023_0056_0056.jpg 1 8 23 56 56
0003_0015_0009_0061_0061.jpg 1 15 9 61 61
0004_0011_0005_0064_0064.jpg 1 11 5 64 64
0005_0011_0022_0060_0060.jpg 1 11 22 60 60
0006_0025_0004_0059_0059.jpg 1 25 4 59 59
0007_0011_0022_0067_0067.jpg 1 11 22 67 67
0008_0033_0029_0052_0052.jpg 1 33 29 52 52
0009_0020_0015_0067_0067.jpg 1 20 15 67 67
0010_0024_0019_0066_0066.jpg 1 24 19 66 66
0011_0013_0022_0062_0062.jpg 1 13 22 62 62
0012_0010_0021_0062_0062.jpg 1 10 21 62 62
0013_0028_0025_0048_0048.jpg 1 28 25 48 48
0014_0020_0007_0051_0051.jpg 1 20 7 51 51
0015_0031_0009_0056_0056.jpg 1 31 9 56 56
0016_0023_0028_0051_0051.jpg 1 23 28 51 51
0017_0017_0005_0069_0069.jpg 1 17 5 69 69
0018_0009_0017_0064_0064.jpg 1 9 17 64 64
0019_0022_0031_0051_0051.jpg 1 22 31 51 51
0020_0024_0012_0069_0069.jpg 1 24 12 69 69
0021_0006_0025_0067_0067.jpg 1 6 25 67 67
0022_0026_0007_0052_0052.jpg 1 26 7 52 52
0023_0010_0013_0058_0058.jpg 1 10 13 58 58
0024_0012_0025_0068_0068.jpg 1 12 25 68 68
0025_0009_0024_0067_0067.jpg 1 9 24 67 67
0026_0009_0013_0067_0067.jpg 1 9 13 67 67
0027_0007_0007_0049_0049.jpg 1 7 7 49 49
0028_0012_0009_0067_0067.jpg 1 12 9 67 67
0029_0015_0026_0066_0066.jpg 1 15 26 66 66
0030_0014_0007_0060_0060.jpg 1 14 7 60 60
0031_0024_0012_0068_0068.jpg 1 24 12 68 68
0032_0014_0021_0064_0064.jpg 1 14 21 64 64
0033_0017_0003_0067_0067.jpg 1 17 3 67 67
0034_0028_0031_0060_0060.jpg 1 28 31 60 60
0035_0032_0031_0055_0055.jpg 1 32 31 55 55
0036_0015_0013_0067_0067.jpg 1 15 13 67 67
0037_0011_0012_0064_0064.jpg 1 11 12 64 64
0038_0019_0017_0067_0067.jpg 1 19 17 67 67
0039_0019_0018_0061_0061.jpg 1 19 18 61 61
0040_0006_0010_0050_0050.jpg 1 6 10 50 50
0041_0029_0011_0060_0060.jpg 1 29 11 60 60
0042_0007_0007_0063_0063.jpg 1 7 7 63 63
0043_0010_0006_0052_0052.jpg 1 10 6 52 52
0044_0018_0004_0063_0063.jpg 1 18 4 63 63
0045_0007_0022_0060_0060.jpg 1 7 22 60 60
0046_0007_0031_0057_0057.jpg 1 7 31 57 57
0047_0013_0018_0069_0069.jpg 1 13 18 69 69
0048_0033_0018_0051_0051.jpg 1 33 18 51 51
0049_0035_0040_0048_0048.jpg 1 35 40 48 48
0050_0025_0027_0062_0062.jpg 1 25 27 62 62
0051_0007_0027_0048_0048.jpg 1 7 27 48 48
0052_0031_0006_0054_0054.jpg 1 31 6 54 54
0053_0006_0013_0054_0054.jpg 1 6 13 54 54
0054_0012_0019_0059_0059.jpg 1 12 19 59 59
0055_0027_0011_0063_0063.jpg 1 27 11 63 63
0056_0018_0011_0055_0055.jpg 1 18 11 55 55
0057_0021_0014_0063_0063.jpg 1 21 14 63 63
0058_0016_0029_0050_0050.jpg 1 16 29 50 50
0059_0017_0035_0051_0051.jpg 1 17 35 51 51
0060_0028_0011_0058_0058.jpg 1 28 11 58 58
0061_0023_0014_0068_0068.jpg 1 23 14 68 68
0062_0005_0033_0048_0048.jpg 1 5 33 48 48
0063_0027_0013_0052_0052.jpg 1 27 13 52 52
0064_0016_0020_0058_0058.jpg 1 16 20 58 58
0065_0015_0030_0060_0060.jpg 1 15 30 60 60
0066_0027_0008_0065_0065.jpg 1 27 8 65 65
0067_0016_0007_0061_0061.jpg 1 16 7 61 61
0068_0010_0020_0049_0049.jpg 1 10 20 49 49
0069_0015_0033_0048_0048.jpg 1 15 33 48 48
0070_0034_0020_0051_0051.jpg 1 34 20 51 51
0071_0018_0028_0060_0060.jpg 1 18 28 60 60
0072_0023_0022_0068_0068.jpg 1 23 22 68 68
0073_0011_0022_0059_0059.jpg 1 11 22 59 59
0074_0014_0006_0065_0065.jpg 1 14 6 65 65
0075_0019_0011_0066_0066.jpg 1 19 11 66 66
0076_0009_0016_0069_0069.jpg 1 9 16 69 69
0077_0006_0019_0066_0066.jpg 1 6 19 66 66
0078_0033_0007_0056_0056.jpg 1 33 7 56 56
0079_0004_0023_0068_0068.jpg 1 4 23 68 68
0080_0036_0009_0053_0053.jpg 1 36 9 53 53
0081_0009_0036_0053_0053.jpg 1 9 36 53 53
0082_0009_0021_0067_0067.jpg 1 9 21 67 67
0083_0009_0014_0053_0053.jpg 1 9 14 53 53
0084_0024_0025_0067_0067.jpg 1 24 25 67 67
0085_0031_0006_0058_0058.jpg 1 31 6 58 58
0086_0005_0019_0061_0061.jpg 1 5 19 61 61
0087_0034_0028_0053_0053.jpg 1 34 28 53 53
0088_0012_0024_0050_0050.jpg 1 12 24 50 50
0089_0028_0022_0059_0059.jpg 1 28 22 59 59
0090_0014_0019_0065_0065.jpg 1 14 19 65 65
0091_0018_0022_0058_0058.jpg 1 18 22 58 58
0092_0017_0008_0058_0058.jpg 1 17 8 58 58
0093_0021_0018_0065_0065.jpg 1 21 18 65 65
0094_0023_0014_0062_0062.jpg 1 23 14 62 62
0095_0029_0012_0063_0063.jpg 1 29 12 63 63
0096_0009_0010_0062_0062.jpg 1 9 10 62 62
0097_0021_0018_0066_0066.jpg 1 21 18 66 66
0098_0009_0015_0069_0069.jpg 1 9 15 69 69
0099_0014_0030_0055_0055.jpg 1 14 30 55 55
0100_0014_0020_0057_0057.jpg 1 14 20 57 57
0101_0014_0027_0061_0061.jpg 1 14 27 61 61
0102_0020_0034_0050_0050.jpg 1 20 34 50 50
0103_0015_0006_0051_0051.jpg 1 15 6 51 51
0104_0009_0012_0061_0061.jpg 1 9 12 61 61
0105_0013_0016_0069_0069.jpg 1 13 16 69 69
0106_0018_0027_0062_0062.jpg 1 18 27 62 62
0107_0011_0023_0064_0064.jpg 1 11 23 64 64
0108_0009_0035_0049_0049.jpg 1 9 35 49 49
0109_0021_0010_0065_0065.jpg 1 21 10 65 65
0110_0023_0033_0053_0053.jpg 1 23 33 53 53
0111_0040_0024_0048_0048.jpg 1 40 24 48 48
0112_0014_0029_0060_0060.jpg 1 14 29 60 60
0113_0034_0010_0056_0056.jpg 1 34 10 56 56
0114_0007_0011_0065_0065.jpg 1 7 11 65 65
0115_0025_0032_0056_0056.jpg 1 25 32 56 56
0116_0019_0011_0065_0065.jpg 1 19 11 65 65
0117_0009_0022_0049_0049.jpg 1 9 22 49 49
0118_0022_0023_0056_0056.jpg 1 22 23 56 56
0119_0008_0019_0064_0064.jpg 1 8 19 64 64
0120_0007_0017_0064_0064.jpg 1 7 17 64 64
0121_0012_0015_0061_0061.jpg 1 12 15 61 61
0122_0005_0022_0065_0065.jpg 1 5 22 65 65
0123_0024_0017_0064_0064.jpg 1 24 17 64 64
0124_0018_0007_0053_0053.jpg 1 18 7 53 53
0125_0018_0004_0059_0059.jpg 1 18 4 59 59
0126_0024_0037_0050_0050.jpg 1 24 37 50 50
0127_0020_0028_0055_0055.jpg 1 20 28 55 55
0128_0011_0025_0058_0058.jpg 1 11 25 58 58
0129_0034_0035_0054_0054.jpg 1 34 35 54 54
0130_0029_0006_0055_0055.jpg 1 29 6 55 55
0131_0012_0012_0067_0067.jpg 1 12 12 67 67
0132_0023_0018_0057_0057.jpg 1 23 18 57 57
0133_0033_0036_0054_0054.jpg 1 33 36 54 54
0134_0028_0015_0058_0058.jpg 1 28 15 58 58
0135_0039_0032_0049_0049.jpg 1 39 32 49 49
0136_0035_0029_0052_0052.jpg 1 35 29 52 52
0137_0035_0013_0052_0052.jpg 1 35 13 52 52
0138_0023_0016_0052_0052.jpg 1 23 16 52 52
0139_0032_0023_0058_0058.jpg 1 32 23 58 58
0140_0006_0035_0049_0049.jpg 1 6 35 49 49
0141_0018_0012_0058_0058.jpg 1 18 12 58 58
0142_0029_0004_0063_0063.jpg 1 29 4 63 63
0143_0034_0018_0051_0051.jpg 1 34 18 51 51
0144_0023_0010_0054_0054.jpg 1 23 10 54 54
0145_0017_0024_0058_0058.jpg 1 17 24 58 58
0146_0015_0006_0069_0069.jpg 1 15 6 69 69
0147_0019_0021_0068_0068.jpg 1 19 21 68 68
0148_0018_0008_0060_0060.jpg 1 18 8 60 60
0149_0026_0030_0056_0056.jpg 1 26 30 56 56
0150_0012_0016_0053_0053.jpg 1 12 16 53 53
0151_0037_0032_0053_0053.jpg 1 37 32 53 53
0152_0005_0005_0062_0062.jpg 1 5 5 62 62
0153_0027_0010_0057_0057.jpg 1 27 10 57 57
0154_0020_0008_0067_0067.jpg 1 20 8 67 67
0155_0029_0022_0062_0062.jpg 1 29 22 62 62
0156_0013_0016_0064_0064.jpg 1 13 16 64 64
0157_0008_0009_0064_0064.jpg 1 8 9 64 64
0158_0014_0004_0067_0067.jpg 1 14 4 67 67
0159_0032_0034_0056_0056.jpg 1 32 34 56 56
0160_0017_0017_0055_0055.jpg 1 17 17 55 55
0161_0010_0017_0049_0049.jpg 1 10 17 49 49
0162_0010_0024_0049_0049.jpg 1 10 24 49 49
0163_0025_0015_0064_0064.jpg 1 25 15 64 64
0164_0006_0006_0062_0062.jpg 1 6 6 62 62
0165_0006_0029_0060_0060.jpg 1 6 29 60 60
0166_0031_0010_0053_0053.jpg 1 31 10 53 53
0167_0020_0037_0049_0049.jpg 1 20 37 49 49
0168_0011_0020_0050_0050.jpg 1 11 20 50 50
0169_0029_0025_0048_0048.jpg 1 29 25 48 48
0170_0008_0003_0063_0063.jpg 1 8 3 63 63
0171_0016_0007_0062_0062.jpg 1 16 7 62 62
0172_0027_0022_0053_0053.jpg 1 27 22 53 53
0173_0004_0006_0064_0064.jpg 1 4 6 64 64
0174_0025_0030_0051_0051.jpg 1 25 30 51 51
0175_0008_0018_0069_0069.jpg 1 8 18 69 69
0176_0011_0010_0052_0052.jpg 1 11 10 52 52
0177_0035_0017_0052_0052.jpg 1 35 17 52 52
0178_0034_0030_0054_0054.jpg 1 34 30 54 54
0179_0010_0021_0060_0060.jpg 1 10 21 60 60
0180_0005_0038_0049_0049.jpg 1 5 38 49 49
0181_0031_0015_0055_0055.jpg 1 31 15 55 55
0182_0008_0013_0069_0069.jpg 1 8 13 69 69
0183_0017_0019_0048_0048.jpg 1 17 19 48 48
0184_0010_0007_0056_0056.jpg 1 10 7 56 56
0185_0010_0020_0061_0061.jpg 1 10 20 61 61
0186_0008_0010_0055_0055.jpg 1 8 10 55 55
0187_0017_0025_0061_0061.jpg 1 17 25 61 61
0188_0007_0019_0065_0065.jpg 1 7 19 65 65
0189_0012_0026_0053_0053.jpg 1 12 26 53 53
0190_0012_0037_0051_0051.jpg 1 12 37 51 51
0191_0022_0026_0064_0064.jpg 1 22 26 64 64
0192_0019_0010_0054_0054.jpg 1 19 10 54 54
0193_0011_0006_0068_0068.jpg 1 11 6 68 68
0194_0017_0013_0069_0069.jpg 1 17 13 69 69
0195_0008_0017_0050_0050.jpg 1 8 17 50 50
0196_0023_0022_0067_0067.jpg 1 23 22 67 67
0197_0009_0011_0055_0055.jpg 1 9 11 55 55
0198_0027_0030_0059_0059.jpg 1 27 30 59 59
0199_0028_0021_0059_0059.jpg 1 28 21 59 59
0200_0006_0009_0064_0064.jpg 1 6 9 64 64
0201_0031_0011_0060_0060.jpg 1 31 11 60 60
0202_0013_0024_0058_0058.jpg 1 13 24 58 58
0203_0008_0018_0069_0069.jpg 1 8 18 69 69
0204_0013_0010_0062_0062.jpg 1 13 10 62 62
0205_0011_0024_0057_0057.jpg 1 11 24 57 57
0206_0012_0006_0068_0068.jpg 1 12 6 68 68
0207_0023_0010_0064_0064.jpg 1 23 10 64 64
0208_0005_0024_0066_0066.jpg 1 5 24 66 66
0209_0013_0021_0069_0069.jpg 1 13 21 69 69
0210_0016_0021_0050_0050.jpg 1 16 21 50 50
0211_0024_0006_0049_0049.jpg 1 24 6 49 49
0212_0019_0025_0064_0064.jpg 1 19 25 64 64
0213_0017_0012_0048_0048.jpg 1 17 12 48 48
0214_0024_0008_0068_0068.jpg 1 24 8 68 68
0215_0027_0029_0057_0057.jpg 1 27 29 57 57
0216_0015_0023_0058_0058.jpg 1 15 23 58 58
0217_0029_0032_0058_0058.jpg 1 29 32 58 58
0218_0025_0008_0063_0063.jpg 1 25 8 63 63
0219_0031_0031_0053_0053.jpg 1 31 31 53 53
0220_0015_0029_0056_0056.jpg 1 15 29 56 56
0221_0031_0012_0053_0053.jpg 1 31 12 53 53
0222_0032_0005_0059_0059.jpg 1 32 5 59 59
0223_0006_0016_0049_0049.jpg 1 6 16 49 49
0224_0025_0023_0062_0062.jpg 1 25 23 62 62
0225_0004_0023_0060_0060.jpg 1 4 23 60 60
0226_0018_0013_0062_0062.jpg 1 18 13 62 62
0227_0031_0028_0056_0056.jpg 1 31 28 56 56
0228_0009_0035_0052_0052.jpg 1 9 35 52 52
0229_0015_0007_0068_0068.jpg 1 15 7 68 68
0230_0024_0024_0068_0068.jpg 1 24 24 68 68
0231_0014_0019_0066_0066.jpg 1 14 19 66 66
0232_0012_0027_0062_0062.jpg 1 12 27 62 62
0233_0006_0019_0059_0059.jpg 1 6 19 59 59
0234_0020_0005_0063_0063.jpg 1 20 5 63 63
0235_0012_0005_0065_0065.jpg 1 12 5 65 65
0236_0033_0026_0049_0049.jpg 1 33 26 49 49
0237_0010_0007_0055_0055.jpg 1 10 7 55 55
0238_0023_0023_0067_0067.jpg 1 23 23 67 67
0239_0008_0020_0069_0069.jpg 1 8 20 69 69
0240_0033_0032_0054_0054.jpg 1 33 32 54 54
0241_0029_0032_0058_0058.jpg 1 29 32 58 58
0242_0010_0027_0057_0057.jpg 1 10 27 57 57
0243_0011_0005_0066_0066.jpg 1 11 5 66 66
0244_0023_0021_0068_0068.jpg 1 23 21 68 68
0245_0028_0012_0060_0060.jpg 1 28 12 60 60
0246_0024_0028_0056_0056.jpg 1 24 28 56 56
0247_0012_0014_0069_0069.jpg 1 12 14 69 69
0248_0017_0019_0054_0054.jpg 1 17 19 54 54
0249_0023_0015_0053_0053.jpg 1 23 15 53 53
0250_0008_0011_0059_0059.jpg 1 8 11 59 59
0251_0011_0017_0065_0065.jpg 1 11 17 65 65
0252_0028_0017_0062_0062.jpg 1 28 17 62 62
0253_0008_0008_0056_0056.jpg 1 8 8 56 56
0254_0008_0011_0061_0061.jpg 1 8 11 61 61
0255_0035_0005_0053_0053.jpg 1 35 5 53 53
0256_0024_0021_0052_0052.jpg 1 24 21 52 52
0257_0021_0025_0061_0061.jpg 1 21 25 61 61
0258_0005_0006_0057_0057.jpg 1 5 6 57 57
0259_0014_0025_0049_0049.jpg 1 14 25 49 49
0260_0038_0036_0051_0051.jpg 1 38 36 51 51
0261_0028_0021_0054_0054.jpg 1 28 21 54 54
0262_0006_0012_0055_0055.jpg 1 6 12 55 55
0263_0024_0010_0066_0066.jpg 1 24 10 66 66
0264_0013_0022_0062_0062.jpg 1 13 22 62 62
0265_0020_0024_0063_0063.jpg 1 20 24 63 63
0266_0005_0034_0056_0056.jpg 1 5 34 56 56
0267_0039_0007_0050_0050.jpg 1 39 7 50 50
0268_0017_0028_0061_0061.jpg 1 17 28 61 61
0269_0008_0014_0064_0064.jpg 1 8 14 64 64
0270_0016_0006_0064_0064.jpg 1 16 6 64 64
0271_0021_0015_0061_0061.jpg 1 21 15 61 61
0272_0023_0032_0048_0048.jpg 1 23 32 48 48
0273_0006_0013_0066_0066.jpg 1 6 13 66 66
0274_0010_0032_0048_0048.jpg 1 10 32 48 48
0275_0010_0020_0058_0058.jpg 1 10 20 58 58
0276_0017_0007_0055_0055.jpg 1 17 7 55 55
0277_0013_0006_0065_0065.jpg 1 13 6 65 65
0278_0014_0033_0053_0053.jpg 1 14 33 53 53
0279_0017_0006_0053_0053.jpg 1 17 6 53 53
0280_0030_0011_0060_0060.jpg 1 30 11 60 60
0281_0019_0022_0069_0069.jpg 1 19 22 69 69
0282_0029_0025_0059_0059.jpg 1 29 25 59 59
0283_0021_0016_0068_0068.jpg 1 21 16 68 68
0284_0010_0014_0050_0050.jpg 1 10 14 50 50
0285_0027_0019_0057_0057.jpg 1 27 19 57 57
0286_0020_0013_0069_0069.jpg 1 20 13 69 69
0287_0004_0007_0065_0065.jpg 1 4 7 65 65
0288_0031_0026_0054_0054.jpg 1 31 26 54 54
0289_0014_0028_0054_0054.jpg 1 14 28 54 54
0290_0015_0009_0066_0066.jpg 1 15 9 66 66
0291_0018_0009_0065_0065.jpg 1 18 9 65 65
0292_0026_0026_0066_0066.jpg 1 26 26 66 66
0293_0023_0024_0052_0052.jpg 1 23 24 52 52
0294_0010_0020_0066_0066.jpg 1 10 20 66 66
0295_0018_0006_0066_0066.jpg 1 18 6 66 66
0296_0014_0026_0048_0048.jpg 1 14 26 48 48
0297_0020_0009_0059_0059.jpg 1 20 9 59 59
0298_0021_0024_0069_0069.jpg 1 21 24 69 69
0299_0025_0019_0067_0067.jpg 1 25 19 67 67
0300_0015_0018_0066_0066.jpg 1 15 18 66 66
